Sun Apr 25 18:08:12 CST 2021 -->> : select * from student;
Wed Apr 28 08:19:41 CST 2021 -->> : select * from student;

Wed Apr 28 09:50:25 CST 2021 -->> : select * from student

Wed Apr 28 10:02:19 CST 2021 -->> : select * from student
Wed Apr 28 16:50:58 CST 2021 -->> : create table student1(sno int primary key unique not null,sname char(10) not null,sdept char(30),ssex char(5),sage int);
Wed Apr 28 16:53:08 CST 2021 -->> : drop table student1;
Wed Apr 28 16:53:35 CST 2021 -->> : create table student1(sno int primary key unique not null,sname char(10) not null,sdept char(30),ssex char(5),sage int);
Wed Apr 28 16:54:05 CST 2021 -->> : drop table student1;
Wed Apr 28 16:54:13 CST 2021 -->> : create table student1(sno int primary key unique not null,sname char(10) not null,sdept char(30),ssex char(5),sage int);
Wed Apr 28 16:55:48 CST 2021 -->> : insert into student (sno,sname,sdept,ssex,sage) values (2013,'baba1','IS1','女1',21);
Wed Apr 28 16:56:19 CST 2021 -->> : insert into student1 (sno,sname,sdept,ssex,sage) values (2013,'baba1','IS1','女1',21);
Wed Apr 28 16:56:27 CST 2021 -->> : insert into student1 (sno,sname,sdept,ssex,sage) values (2014,'baba2','IS2','女2',22);
Wed Apr 28 16:56:44 CST 2021 -->> : select * from student1;
Thu Apr 29 17:17:43 CST 2021 -->> : select * from student;
Thu Apr 29 17:18:44 CST 2021 -->> : select * from student
Thu Apr 29 17:21:29 CST 2021 -->> : select sname from student;

Thu Apr 29 17:22:05 CST 2021 -->> : select sname from student;
Thu Apr 29 17:23:21 CST 2021 -->> : select sname from student;
Thu Apr 29 17:24:49 CST 2021 -->> : select sage from student;

Thu Apr 29 19:16:44 CST 2021 -->> : select * from student;
Thu Apr 29 20:20:10 CST 2021 -->> : select * from student;
Thu Apr 29 20:29:52 CST 2021 -->> : select sname from student;
Thu Apr 29 20:32:18 CST 2021 -->> : select sname from student order by DESC;
Thu Apr 29 20:58:00 CST 2021 -->> : select * from student,student1 Condition sage>=20 and sage<=21 order by sno,sage desc;
Fri Apr 30 13:04:57 CST 2021 -->> : select * from student,student1 Condition sage>=20 and sage<=21 group by sdept order by sno,sage desc;
Fri Apr 30 14:59:58 CST 2021 -->> : select * from student;
Fri Apr 30 16:45:26 CST 2021 -->> : select * from student;
Fri Apr 30 16:45:39 CST 2021 -->> : select * from student,student1;
Fri Apr 30 17:54:08 CST 2021 -->> : select * from student,student1;
Fri Apr 30 17:56:51 CST 2021 -->> : select * from student group by sage;
Fri Apr 30 19:03:17 CST 2021 -->> : select * from student order by sage DESC;
Fri Apr 30 20:04:46 CST 2021 -->> : select * from student;
Fri Apr 30 20:05:29 CST 2021 -->> : select * from student order by sno,sage;
Fri Apr 30 20:06:21 CST 2021 -->> : select * from student order by sno,sage;
Fri Apr 30 20:07:30 CST 2021 -->> : select * from student;
Fri Apr 30 20:31:55 CST 2021 -->> : select * from student;
Fri Apr 30 20:32:10 CST 2021 -->> : select sname from student;
Fri Apr 30 20:36:52 CST 2021 -->> : select * from student;
Fri Apr 30 20:38:39 CST 2021 -->> : select sname from student;
Fri Apr 30 20:39:49 CST 2021 -->> : select sname from student;
Fri Apr 30 20:44:18 CST 2021 -->> : select sname from student;
Fri Apr 30 20:44:47 CST 2021 -->> : select sno,sname from student;
Fri Apr 30 20:45:35 CST 2021 -->> : select sno,sname from student;
Fri Apr 30 20:46:00 CST 2021 -->> : select sno,sname from student;
Fri Apr 30 21:09:13 CST 2021 -->> : select sno,sname from student;
Fri Apr 30 21:11:07 CST 2021 -->> : select sno,sname from student;
Fri Apr 30 21:17:00 CST 2021 -->> : select sno,sname from student;
Fri Apr 30 21:17:54 CST 2021 -->> : select sno,sname from student;
Fri Apr 30 21:19:24 CST 2021 -->> : select sno,sname from student order by sno;
Fri Apr 30 21:19:33 CST 2021 -->> : select sno,sname from student;
Fri Apr 30 21:19:51 CST 2021 -->> : select sno,sname from student order by sno;
Fri Apr 30 21:23:58 CST 2021 -->> : select sno,sname from student order by sno,sname;
Fri Apr 30 21:31:12 CST 2021 -->> : create table person(id int primary key unique not null,name char(10) not null,age int);
Fri Apr 30 21:32:31 CST 2021 -->> : drop table person;
Fri Apr 30 21:34:54 CST 2021 -->> : create table person(sno int primary key unique not null,sname char(10) not null,age int);
Fri Apr 30 21:35:01 CST 2021 -->> : insert into person(sno,sname,age) values(2012,"pp1",19);
Fri Apr 30 21:35:07 CST 2021 -->> : insert into person(sno,sname,age) values(2013,"pp3",20);
Fri Apr 30 21:35:18 CST 2021 -->> : insert into person(sno,sname,age) values(2014,"pp2",18);
Fri Apr 30 21:35:23 CST 2021 -->> : insert into person(sno,sname,age) values(2015,"pp4",21);
Fri Apr 30 21:35:59 CST 2021 -->> : select * from person;
Fri Apr 30 21:36:31 CST 2021 -->> : select * from student,person;
Fri Apr 30 21:40:03 CST 2021 -->> : drop table person;
Fri Apr 30 21:40:32 CST 2021 -->> : select * from person;
Fri Apr 30 21:40:41 CST 2021 -->> : drop table person;
Fri Apr 30 21:41:37 CST 2021 -->> : drop table person;
Fri Apr 30 21:42:26 CST 2021 -->> : create table person(sno int primary key unique not null,sname char(10) not null,age int);
Fri Apr 30 21:42:34 CST 2021 -->> : insert into person(sno,sname,age) values(2012,'pp1',19);
Fri Apr 30 21:42:37 CST 2021 -->> : insert into person(sno,sname,age) values(2013,'pp3',20);
Fri Apr 30 21:42:41 CST 2021 -->> : insert into person(sno,sname,age) values(2014,'pp2',18);
Fri Apr 30 21:42:46 CST 2021 -->> : insert into person(sno,sname,age) values(2015,'pp4',21);
Fri Apr 30 21:42:57 CST 2021 -->> : select * from student,person;
Fri Apr 30 21:44:16 CST 2021 -->> : select * from student;
Fri Apr 30 21:47:04 CST 2021 -->> : select * from person;
Fri Apr 30 21:47:22 CST 2021 -->> : select * from student,person;
Fri Apr 30 21:48:12 CST 2021 -->> : select * from person,student;
Fri Apr 30 22:01:47 CST 2021 -->> : select * from person;
Fri Apr 30 22:03:24 CST 2021 -->> : delete  from person Condition age = 19;
Fri Apr 30 22:09:01 CST 2021 -->> : select * from person Condition age=20;
Fri Apr 30 22:29:33 CST 2021 -->> : select * from student;
Fri Apr 30 22:29:51 CST 2021 -->> : select * from student Condition sage=21;
Fri Apr 30 22:30:07 CST 2021 -->> : select * from student Condition sage = 21;
Sat May 01 14:52:13 CST 2021 -->> : select * from person;
Sat May 01 14:54:35 CST 2021 -->> : update person set sname = 'qq1' Condition sno = 2014;
Sat May 01 14:55:44 CST 2021 -->> : select * from person order by sno,age DESC;
Sat May 01 14:56:20 CST 2021 -->> : select * from person;
Sat May 01 14:56:52 CST 2021 -->> : select * from person order by sno DESC;
Sat May 01 14:57:17 CST 2021 -->> : select * from person order by sno,age DESC;
Sat May 01 14:57:43 CST 2021 -->> : select * from person order by age DESC;
Sat May 01 14:58:20 CST 2021 -->> : select * from person order by sno,age DESC;
Sat May 01 16:09:22 CST 2021 -->> : select * from person;
Sat May 01 16:23:34 CST 2021 -->> : select * from person;
Sat May 01 16:24:14 CST 2021 -->> : select age from person;
Sat May 01 16:24:42 CST 2021 -->> : select sno,age from person;
Sat May 01 16:24:55 CST 2021 -->> : select * from person;
Sat May 01 16:26:59 CST 2021 -->> : select sno,sname from student;
Sat May 01 16:27:18 CST 2021 -->> : select * from student Condition sage>=20 and sage<=21 or sdept='IS';
Sat May 01 16:27:41 CST 2021 -->> : select * from student,student1 Condition sage>=20 and sage<=21 order by sno,sage desc;
Sat May 01 16:32:36 CST 2021 -->> : select * from student,student1 Condition sage>=20 and sage<=21 order by sno,sage desc;
Sat May 01 16:32:51 CST 2021 -->> : select * from student;

Sat May 01 16:34:17 CST 2021 -->> : select * from student;

Sat May 01 16:36:11 CST 2021 -->> : drop table student1;
Sat May 01 16:44:44 CST 2021 -->> : select * from student;
Sat May 01 16:46:08 CST 2021 -->> : select * from student;
Sat May 01 16:48:26 CST 2021 -->> : select *  from student;
Sat May 01 16:48:59 CST 2021 -->> : delete from student Condition sname='baba1';
Sat May 01 16:51:28 CST 2021 -->> : create table sc(sno int primary key not null,cno int not null,grade double);
Sat May 01 16:51:35 CST 2021 -->> : insert into sc(sno,cno,grade) values(2013,01,88.5);
Sat May 01 16:51:41 CST 2021 -->> : insert into sc(sno,cno,grade) values(2014,02,91.5);
Sat May 01 16:51:45 CST 2021 -->> : insert into sc(sno,cno,grade) values(2016,04,92.5);
Sat May 01 16:51:53 CST 2021 -->> : insert into sc(sno,cno,grade) values(2015,05,93.5);
Sat May 01 16:52:06 CST 2021 -->> : insert into sc(sno,cno,grade) values(2018,03,92.5);
Sat May 01 16:53:09 CST 2021 -->> : select * from sc;
Sat May 01 16:58:31 CST 2021 -->> : drop table sc;
Sat May 01 17:32:11 CST 2021 -->> : create table sc(sno int primary key not null,cno int not null,grade double);
Sat May 01 17:32:31 CST 2021 -->> : insert into sc(sno,cno,grade) values(2013,01,88.5);
Sat May 01 17:34:47 CST 2021 -->> : drop table sc;
Sat May 01 17:35:06 CST 2021 -->> : create table sc(sno int primary key not null,cno int not null,grade double);
Sat May 01 17:35:31 CST 2021 -->> : insert into sc(sno,cno,grade) values(2013,01,88.5);
Sat May 01 17:42:53 CST 2021 -->> : drop table sc;
Sat May 01 17:43:20 CST 2021 -->> : create table sc(sno int primary key not null,cno int not null,grade double);
Sat May 01 17:43:31 CST 2021 -->> : insert into sc(sno,cno,grade) values(2013,01,88.5);
Sat May 01 17:45:14 CST 2021 -->> : select * from sc;
Sat May 01 17:45:21 CST 2021 -->> : select * from sc;
Sat May 01 17:50:15 CST 2021 -->> : select * from student;
Sat May 01 17:55:15 CST 2021 -->> : insert into sc(sno,cno,grade) values(2013,01,88.5);
Sat May 01 17:55:59 CST 2021 -->> : select * from sc;
Sat May 01 17:57:32 CST 2021 -->> : insert into sc(sno,cno,grade) values(2013,01,88.5);
Sat May 01 18:00:39 CST 2021 -->> : insert into sc(sno,cno,grade) values(2013,01,88.5);
Sat May 01 18:03:23 CST 2021 -->> : insert into sc(sno,cno,grade) values(2013,01,88.5);
Sat May 01 18:04:42 CST 2021 -->> : insert into sc(sno,cno,grade) values(2013,01,88.5);
Sat May 01 18:05:41 CST 2021 -->> : insert into sc(sno,cno,grade) values(2013,01,88.5);
Sat May 01 18:06:38 CST 2021 -->> : insert into sc(sno,cno,grade) values(2013,01,88.5);
Sat May 01 18:13:10 CST 2021 -->> : insert into sc(sno,cno,grade) values(2013,01,88.5);
Sat May 01 18:14:00 CST 2021 -->> : insert into sc(sno,cno,grade) values(2013,01,88.5);
Sat May 01 18:16:21 CST 2021 -->> : insert into sc(sno,cno,grade) values(2013,01,88.5);
Sat May 01 18:16:30 CST 2021 -->> : insert into sc(sno,cno,grade) values(2013,01,88);
Sat May 01 18:17:45 CST 2021 -->> : drop table sc;
Sat May 01 18:18:06 CST 2021 -->> : create table sc(sno int primary key not null,cno int not null,grade double);
Sat May 01 18:23:18 CST 2021 -->> : insert into sc(sno,cno,grade) values(2013,01,88.5);
Sat May 01 18:24:14 CST 2021 -->> : insert into sc(sno,cno,grade) values(2013,01,88.5);
Sat May 01 18:24:26 CST 2021 -->> : select * from sc;
Sat May 01 18:24:51 CST 2021 -->> : insert into sc(sno,cno,grade) values(2013,01,88.5);
Sat May 01 19:40:23 CST 2021 -->> : drop table sc;
Sat May 01 19:40:33 CST 2021 -->> : create table sc(sno int primary key not null,cno int not null,grade double);
Sat May 01 19:40:45 CST 2021 -->> : insert into sc(sno,cno,grade) values(2013,01,88.5);
Sat May 01 19:43:28 CST 2021 -->> : insert into sc(sno,cno,grade) values(2013,01,88.5);
Sat May 01 19:46:50 CST 2021 -->> : drop table sc;
Sat May 01 19:46:59 CST 2021 -->> : create table sc(sno int primary key not null,cno int not null,grade double);
Sat May 01 19:47:05 CST 2021 -->> : insert into sc(sno,cno,grade) values(2013,01,88.5);
Sat May 01 19:48:54 CST 2021 -->> : insert into sc(sno,cno,grade) values(2013,01,88.5);
Sat May 01 19:49:15 CST 2021 -->> : insert into sc(sno,cno,grade) values(2013,01,88.5);
Sat May 01 19:49:50 CST 2021 -->> : insert into sc(sno,cno,grade) values(2013,01,88.5);
Sat May 01 19:55:33 CST 2021 -->> : select * from sc;
Sat May 01 20:08:49 CST 2021 -->> : insert into sc(sno,cno,grade) values(2014,02,91.5);
Sat May 01 20:09:17 CST 2021 -->> : select * from sc;
Sat May 01 20:15:44 CST 2021 -->> : insert into sc(sno,cno,grade) values(2016,04,92.5);
Sat May 01 20:15:53 CST 2021 -->> : insert into sc(sno,cno,grade) values(2016,04,92.5);
Sat May 01 20:17:40 CST 2021 -->> : select * from sc;
Sat May 01 20:19:02 CST 2021 -->> : select * from sc;
Sat May 01 20:21:11 CST 2021 -->> : select * from sc;
Sat May 01 20:22:58 CST 2021 -->> : select * from sc;
Sat May 01 20:24:13 CST 2021 -->> : insert into sc(sno,cno,grade) values(2015,05,93.5);
Sat May 01 20:27:01 CST 2021 -->> : select * from sc;
Sat May 01 20:30:18 CST 2021 -->> : insert into sc(sno,cno,grade) values(2015,05,93.5);
Sat May 01 20:30:42 CST 2021 -->> : drop table sc;
Sat May 01 20:30:51 CST 2021 -->> : create table sc(sno int primary key not null,cno int not null,grade double);
Sat May 01 20:30:59 CST 2021 -->> : 
insert into sc(sno,cno,grade) values(2013,01,88.5);
Sat May 01 20:31:03 CST 2021 -->> : insert into sc(sno,cno,grade) values(2014,02,91.5);
Sat May 01 20:31:12 CST 2021 -->> : insert into sc(sno,cno,grade) values(2016,04,92.5);
Sat May 01 20:31:29 CST 2021 -->> : select * from sc;
Sat May 01 20:48:30 CST 2021 -->> : insert into sc(sno,cno,grade) values(2016,04,92.5);
Sat May 01 20:51:03 CST 2021 -->> : insert into sc(sno,cno,grade) values(2016,04,92.5);
Sat May 01 20:54:14 CST 2021 -->> : insert into sc(sno,cno,grade) values(2016,04,92.5);
Sat May 01 20:55:09 CST 2021 -->> : insert into sc(sno,cno,grade) values(2016,04,92.5);
Sat May 01 20:55:20 CST 2021 -->> : select * from sc;
Sat May 01 21:01:32 CST 2021 -->> : insert into sc(sno,cno,grade) values(2015,05,93.556);
Sat May 01 21:01:43 CST 2021 -->> : select * from sc;
Sat May 01 21:06:28 CST 2021 -->> : insert into sc(sno,cno,grade) values(2015,05,93.556);
Sat May 01 21:06:39 CST 2021 -->> : select * from sc;
Sat May 01 21:28:55 CST 2021 -->> : select * from student,sc Condition sno = 2015;
Sat May 01 21:39:11 CST 2021 -->> : insert into sc(sno,cno,grade) values(2018,03,92.5);
Sat May 01 21:39:34 CST 2021 -->> : select * from sc;
Sat May 01 21:43:17 CST 2021 -->> : insert into sc(sno,cno,grade) values(2018,10,96);
Sat May 01 22:05:30 CST 2021 -->> : select * from sc;
Sun May 02 20:09:24 CST 2021 -->> : select * from student;
Sun May 02 20:58:41 CST 2021 -->> : select * from student;
Sun May 02 20:59:01 CST 2021 -->> : select * from student Condition sage=19;
Sun May 02 20:59:19 CST 2021 -->> : select * from student Condition sage=21 order by sno;
Sun May 02 20:59:56 CST 2021 -->> : select * from student order by sage DESC;
Sun May 02 21:00:11 CST 2021 -->> : select sno,sname from student;
Mon May 03 18:08:43 CST 2021 -->> : select * from student;
Mon May 03 18:09:34 CST 2021 -->> : 
alter table student add columntest int;
Mon May 03 18:09:42 CST 2021 -->> : select * from student;
Mon May 03 18:12:57 CST 2021 -->> : alter table student drop column columntest;
Mon May 03 18:13:05 CST 2021 -->> : select * from student;
Mon May 03 19:11:32 CST 2021 -->> : select * from student;
Mon May 03 19:14:09 CST 2021 -->> : select * from student;
Mon May 03 19:25:34 CST 2021 -->> : select * from student;

Mon May 03 19:29:19 CST 2021 -->> : select * from student;
Mon May 03 20:38:35 CST 2021 -->> : select * from student;
Mon May 03 20:38:49 CST 2021 -->> : select sname,age from student;
Mon May 03 20:39:11 CST 2021 -->> : select * from student;
Mon May 03 20:39:39 CST 2021 -->> : select sage,sname from student;
Mon May 03 20:50:52 CST 2021 -->> : select * from student;
Mon May 03 20:52:28 CST 2021 -->> : select sname,sage from student;
Mon May 03 21:54:37 CST 2021 -->> : select * from student;
Mon May 03 21:55:55 CST 2021 -->> : update student set sdept='CS',ssex='男' Condition sno=2016;
Mon May 03 21:57:07 CST 2021 -->> : update student set sname='null',ssex='女' Condition sno=2015;
Mon May 03 21:58:30 CST 2021 -->> : update student set sname='null',ssex='女' Condition sno=2015;
Mon May 03 21:59:27 CST 2021 -->> : update student set sname='jack7',ssex='女' Condition sno=2015;
Tue May 04 14:22:56 CST 2021 -->> : select * from student;
Tue May 04 14:26:13 CST 2021 -->> : select * from student;
Tue May 04 14:40:26 CST 2021 -->> : select * from student where sage=19;
Tue May 04 14:40:53 CST 2021 -->> : select * from student where sage=21 order by sno;
Tue May 04 14:41:17 CST 2021 -->> : select * from student order by sage DESC;
Sun May 30 14:15:59 CST 2021 -->> : select1 * from student;
Sun May 30 14:16:19 CST 2021 -->> : select1 * from student;
Sun May 30 14:22:12 CST 2021 -->> : select * from student;
Sun May 30 14:25:10 CST 2021 -->> : select * from student;
Sun May 30 14:25:25 CST 2021 -->> : select * from Sc;
Sun May 30 14:27:55 CST 2021 -->> : select * from Sc;
Sun May 30 14:30:39 CST 2021 -->> : select * from student;
Tue Jun 08 15:38:12 CST 2021 -->> : select sno from student;
